Logfile initialized
[INFO] logfile = /Users/Gustav/Documents/GitHubPool/LoanCalc/build.log
[DEBUG] /Users/Gustav/Library/Application Support/Titanium/mobilesdk/osx/1.8.1/android/builder.py simulator LoanCalc /Users/Gustav/MyLib/TiLib /Users/Gustav/Documents/GitHubPool/LoanCalc test.gustavhsiung.LoanCalc 4 HVGA /127.0.0.1:54668
[INFO] Building LoanCalc for Android ... one moment
[INFO] Titanium SDK version: 1.8.1 (01/27/12 17:31 a24502a)
[DEBUG] Waiting for device to be ready ...
[TRACE] adb devices returned 1 devices/emulators
[DEBUG] Device connected... (waited 0 seconds)
[DEBUG] waited 0.107142 seconds on emulator to get ready
[DEBUG] test.gustavhsiung.LoanCalc installed? True
[INFO] Fastdev server running, deploying in Fastdev mode
[INFO] Copying project resources..
[INFO] Detected tiapp.xml change (or assets deleted), forcing full re-build...
[TRACE] COPYING CREATED FILE: /Users/Gustav/Documents/GitHubPool/LoanCalc/Resources/android/appicon.png => /Users/Gustav/Documents/GitHubPool/LoanCalc/build/android/bin/assets/Resources/appicon.png
[TRACE] COPYING CREATED FILE: /Users/Gustav/Documents/GitHubPool/LoanCalc/Resources/android/default.png => /Users/Gustav/Documents/GitHubPool/LoanCalc/build/android/bin/assets/Resources/default.png
[TRACE] COPYING CREATED FILE: /Users/Gustav/Documents/GitHubPool/LoanCalc/Resources/app.js => /Users/Gustav/Documents/GitHubPool/LoanCalc/build/android/bin/assets/Resources/app.js
[TRACE] COPYING CREATED FILE: /Users/Gustav/Documents/GitHubPool/LoanCalc/Resources/background.jpg => /Users/Gustav/Documents/GitHubPool/LoanCalc/build/android/bin/assets/Resources/background.jpg
[TRACE] COPYING CREATED FILE: /Users/Gustav/Documents/GitHubPool/LoanCalc/Resources/icon_calculator.png => /Users/Gustav/Documents/GitHubPool/LoanCalc/build/android/bin/assets/Resources/icon_calculator.png
[TRACE] COPYING CREATED FILE: /Users/Gustav/Documents/GitHubPool/LoanCalc/Resources/icon_settings.png => /Users/Gustav/Documents/GitHubPool/LoanCalc/build/android/bin/assets/Resources/icon_settings.png
[TRACE] COPYING CREATED FILE: /Users/Gustav/Documents/GitHubPool/LoanCalc/Resources/logo.jpg => /Users/Gustav/Documents/GitHubPool/LoanCalc/build/android/bin/assets/Resources/logo.jpg
[TRACE] COPYING CREATED FILE: /Users/Gustav/Documents/GitHubPool/LoanCalc/Resources/logo.png => /Users/Gustav/Documents/GitHubPool/LoanCalc/build/android/bin/assets/Resources/logo.png
[TRACE] COPYING CREATED FILE: /Users/Gustav/Documents/GitHubPool/LoanCalc/Resources/logo.png.zip => /Users/Gustav/Documents/GitHubPool/LoanCalc/build/android/bin/assets/Resources/logo.png.zip
[TRACE] COPYING CREATED FILE: /Users/Gustav/Documents/GitHubPool/LoanCalc/Resources/sliderThumbSelected.png => /Users/Gustav/Documents/GitHubPool/LoanCalc/build/android/bin/assets/Resources/sliderThumbSelected.png
[TRACE] COPYING CREATED FILE: /Users/Gustav/Documents/GitHubPool/LoanCalc/Resources/window2.js => /Users/Gustav/Documents/GitHubPool/LoanCalc/build/android/bin/assets/Resources/window2.js
[TRACE] Generating Java Classes
[DEBUG] Processing Android resource drawables
[DEBUG] app stylesheet => /Users/Gustav/Documents/GitHubPool/LoanCalc/build/android/gen/test/gustavhsiung/LoanCalc/ApplicationStylesheet.java
[DEBUG] copying app icon: /Users/Gustav/Documents/GitHubPool/LoanCalc/build/android/bin/assets/Resources/appicon.png
[DEBUG] generating theme.xml
[DEBUG] found splash screen at /Users/Gustav/Documents/GitHubPool/LoanCalc/build/android/bin/assets/Resources/default.png
[TRACE] Writing out AndroidManifest.xml
[DEBUG] adding /Users/Gustav/Documents/GitHubPool/LoanCalc/build/android/gen/test/gustavhsiung/LoanCalc/ApplicationStylesheet.java to javac build list
[DEBUG] adding /Users/Gustav/Documents/GitHubPool/LoanCalc/build/android/gen/test/gustavhsiung/LoanCalc/LoancalcActivity.java to javac build list
[DEBUG] adding /Users/Gustav/Documents/GitHubPool/LoanCalc/build/android/gen/test/gustavhsiung/LoanCalc/LoancalcAppInfo.java to javac build list
[DEBUG] adding /Users/Gustav/Documents/GitHubPool/LoanCalc/build/android/gen/test/gustavhsiung/LoanCalc/LoancalcApplication.java to javac build list
[DEBUG] adding /Users/Gustav/Documents/GitHubPool/LoanCalc/build/android/gen/test/gustavhsiung/LoanCalc/R.java to javac build list
[DEBUG] Building Java Sources: "/Users/Gustav/Documents/GitHubPool/LoanCalc/build/android/gen/test/gustavhsiung/LoanCalc/ApplicationStylesheet.java" "/Users/Gustav/Documents/GitHubPool/LoanCalc/build/android/gen/test/gustavhsiung/LoanCalc/LoancalcActivity.java" "/Users/Gustav/Documents/GitHubPool/LoanCalc/build/android/gen/test/gustavhsiung/LoanCalc/LoancalcAppInfo.java" "/Users/Gustav/Documents/GitHubPool/LoanCalc/build/android/gen/test/gustavhsiung/LoanCalc/LoancalcApplication.java" "/Users/Gustav/Documents/GitHubPool/LoanCalc/build/android/gen/test/gustavhsiung/LoanCalc/R.java"
[INFO] Waiting for SDCard to become available..
[INFO] Compiling Android Resources... This could take some time
[DEBUG] Android classes.dex built
[DEBUG] creating unsigned apk: /Users/Gustav/Documents/GitHubPool/LoanCalc/build/android/bin/app-unsigned.apk
[DEBUG] from resource zip => assets/Resources/app.js
[DEBUG] from resource zip => assets/Resources/appicon.png
[DEBUG] from resource zip => assets/Resources/background.jpg
[DEBUG] from resource zip => assets/Resources/default.png
[DEBUG] from resource zip => assets/Resources/icon_calculator.png
[DEBUG] from resource zip => assets/Resources/icon_settings.png
[DEBUG] from resource zip => assets/Resources/logo.jpg
[DEBUG] from resource zip => assets/Resources/logo.png
[DEBUG] from resource zip => assets/Resources/logo.png.zip
[DEBUG] from resource zip => assets/Resources/sliderThumbSelected.png
[DEBUG] from resource zip => assets/Resources/window2.js
[DEBUG] from resource zip => assets/app.json
[DEBUG] from resource zip => assets/index.json
[DEBUG] from resource zip => assets/tiapp.xml
[DEBUG] from resource zip => res/drawable/appicon.png
[DEBUG] from resource zip => res/drawable/background.png
[DEBUG] from resource zip => res/drawable/close.png
[DEBUG] from resource zip => res/drawable/facebook_login.png
[DEBUG] from resource zip => res/drawable/facebook_login_down.png
[DEBUG] from resource zip => res/drawable/facebook_login_wide.png
[DEBUG] from resource zip => res/drawable/facebook_login_wide_down.png
[DEBUG] from resource zip => res/drawable/facebook_logout.png
[DEBUG] from resource zip => res/drawable/facebook_logout_down.png
[DEBUG] from resource zip => res/layout/titanium_tabgroup.xml
[DEBUG] from resource zip => AndroidManifest.xml
[DEBUG] from resource zip => resources.arsc
[DEBUG] from resource zip => res/drawable-hdpi/close.png
[DEBUG] from resource zip => res/drawable-ldpi/close.png
[DEBUG] from JAR /Users/Gustav/Library/Application Support/Titanium/mobilesdk/osx/1.8.1/android/modules/titanium-facebook.jar => ti/modules/titanium/facebook/LICENSE
[DEBUG] from JAR /Users/Gustav/Library/Application Support/Titanium/mobilesdk/osx/1.8.1/android/modules/titanium-ui.jar => ti/modules/titanium/ui/widget/webview/binding.js
[DEBUG] from JAR /Users/Gustav/Library/Application Support/Titanium/mobilesdk/osx/1.8.1/android/modules/titanium-ui.jar => ti/modules/titanium/ui/widget/webview/binding.min.js
[DEBUG] from JAR /Users/Gustav/Library/Application Support/Titanium/mobilesdk/osx/1.8.1/android/modules/titanium-ui.jar => ti/modules/titanium/ui/widget/webview/json2.js
[DEBUG] from JAR /Users/Gustav/Library/Application Support/Titanium/mobilesdk/osx/1.8.1/android/titanium.jar => org/appcelerator/titanium/build.properties
[DEBUG] from JAR /Users/Gustav/Library/Application Support/Titanium/mobilesdk/osx/1.8.1/android/titanium.jar => org/appcelerator/titanium/res/drawable/background.png
[DEBUG] from JAR /Users/Gustav/Library/Application Support/Titanium/mobilesdk/osx/1.8.1/android/titanium.jar => org/appcelerator/titanium/res/drawable/btn_check_buttonless_on.png
[DEBUG] from JAR /Users/Gustav/Library/Application Support/Titanium/mobilesdk/osx/1.8.1/android/titanium.jar => org/appcelerator/titanium/res/drawable/btn_check_buttonless_on_18.png
[DEBUG] from JAR /Users/Gustav/Library/Application Support/Titanium/mobilesdk/osx/1.8.1/android/titanium.jar => org/appcelerator/titanium/res/drawable/btn_check_buttonless_on_48.png
[DEBUG] from JAR /Users/Gustav/Library/Application Support/Titanium/mobilesdk/osx/1.8.1/android/titanium.jar => org/appcelerator/titanium/res/drawable/btn_more.png
[DEBUG] from JAR /Users/Gustav/Library/Application Support/Titanium/mobilesdk/osx/1.8.1/android/titanium.jar => org/appcelerator/titanium/res/drawable/btn_more_18.png
[DEBUG] from JAR /Users/Gustav/Library/Application Support/Titanium/mobilesdk/osx/1.8.1/android/titanium.jar => org/appcelerator/titanium/res/drawable/btn_more_48.png
[DEBUG] from JAR /Users/Gustav/Library/Application Support/Titanium/mobilesdk/osx/1.8.1/android/titanium.jar => org/appcelerator/titanium/res/drawable/btn_picker_normal.9.png
[DEBUG] from JAR /Users/Gustav/Library/Application Support/Titanium/mobilesdk/osx/1.8.1/android/titanium.jar => org/appcelerator/titanium/res/drawable/btn_picker_pressed.9.png
[DEBUG] from JAR /Users/Gustav/Library/Application Support/Titanium/mobilesdk/osx/1.8.1/android/titanium.jar => org/appcelerator/titanium/res/drawable/btn_picker_selected.9.png
[DEBUG] from JAR /Users/Gustav/Library/Application Support/Titanium/mobilesdk/osx/1.8.1/android/titanium.jar => org/appcelerator/titanium/res/drawable/default_icon.png
[DEBUG] from JAR /Users/Gustav/Library/Application Support/Titanium/mobilesdk/osx/1.8.1/android/titanium.jar => org/appcelerator/titanium/res/drawable/photoDefault.png
[DEBUG] from JAR /Users/Gustav/Library/Application Support/Titanium/mobilesdk/osx/1.8.1/android/thirdparty.jar => org/apache/Commons-NOTICE.txt
[DEBUG] from JAR /Users/Gustav/Library/Application Support/Titanium/mobilesdk/osx/1.8.1/android/thirdparty.jar => org/apache/HttpComponents-NOTICE.txt
[DEBUG] from JAR /Users/Gustav/Library/Application Support/Titanium/mobilesdk/osx/1.8.1/android/thirdparty.jar => org/apache/mime4j-NOTICE.txt
[DEBUG] Waiting for device to be ready ...
[TRACE] adb devices returned 1 devices/emulators
[DEBUG] Device connected... (waited 0 seconds)
[DEBUG] waited 0.094746 seconds on emulator to get ready
[INFO] Installing application on emulator
[INFO] Launching application ... LoanCalc
[TRACE] Launch output: Starting: Intent { act=android.intent.action.MAIN cat=[android.intent.category.LAUNCHER] cmp=test.gustavhsiung.LoanCalc/.LoancalcActivity }

[INFO] Deployed LoanCalc ... Application should be running.
[INFO] Forwarding host port 54668 to device for debugging.
